<?xml version="1.0" encoding="UTF-8"?><testsuite errors="1" failures="0" name="com.chauhuynh.autoweb.steps.serenity.CheckTitleAndHeading" skipped="0" tests="2" time="12.17" timestamp="2019-06-26 11:55:02"><testcase classname="com.chauhuynh.autoweb.steps.serenity.CheckTitleAndHeading" name="Check heading"><error message="Could not instantiate new WebDriver instance of type class org.openqa.selenium.chrome.ChromeDriver (The path to the driver executable must be set by the webdriver.chrome.driver system property; for more information, see https://github.com/SeleniumHQ/selenium/wiki/ChromeDriver. The latest version can be downloaded from http://chromedriver.storage.googleapis.com/index.html). See below for more details." type="net.thucydides.core.webdriver.DriverConfigurationError">Could not instantiate new WebDriver instance of type class org.openqa.selenium.chrome.ChromeDriver (The path to the driver executable must be set by the webdriver.chrome.driver system property; for more information, see https://github.com/SeleniumHQ/selenium/wiki/ChromeDriver. The latest version can be downloaded from http://chromedriver.storage.googleapis.com/index.html). See below for more details.</error><system-err>Could not instantiate new WebDriver instance of type class org.openqa.selenium.chrome.ChromeDriver (The path to the driver executable must be set by the webdriver.chrome.driver system property; for more information, see https://github.com/SeleniumHQ/selenium/wiki/ChromeDriver. The latest version can be downloaded from http://chromedriver.storage.googleapis.com/index.html). See below for more details.&#13;
com.chauhuynh.autoweb.steps.serenity.CheckTitleAndHeading.checkHeading(CheckTitleAndHeading.java:39)&#13;
org.eclipse.jdt.internal.junit4.runner.JUnit4TestReference.run(JUnit4TestReference.java:89)&#13;
org.eclipse.jdt.internal.junit.runner.TestExecution.run(TestExecution.java:41)&#13;
org.eclipse.jdt.internal.junit.runner.RemoteTestRunner.runTests(RemoteTestRunner.java:541)&#13;
org.eclipse.jdt.internal.junit.runner.RemoteTestRunner.runTests(RemoteTestRunner.java:763)&#13;
org.eclipse.jdt.internal.junit.runner.RemoteTestRunner.run(RemoteTestRunner.java:463)&#13;
org.eclipse.jdt.internal.junit.runner.RemoteTestRunner.main(RemoteTestRunner.java:209)&#13;
</system-err></testcase><testcase classname="com.chauhuynh.autoweb.steps.serenity.CheckTitleAndHeading" name="Check compare title"/></testsuite>